2026-03-15 17:33:26,330 [Worker-2: Loading available Gradle versions] INFO  o.e.b.c.i.u.g.PublishedGradleVersions - Gradle version information cache is not available. Remote download required.
2026-03-15 17:34:21,945 [Worker-1: Loading available Gradle versions] INFO  o.e.b.c.i.u.g.PublishedGradleVersions - Gradle version information cache is up-to-date. Trying to read.
2026-03-15 17:37:34,273 [Worker-13: Launching mavenrun-e0cf60fb-d987-4ffc-ac61-2c4dec38f73b] INFO  o.eclipse.m2e.core.internal.Bundles - getClasspathEntries(Bundle=org.eclipse.m2e.maven.runtime_3.9.900.20250220-2013 [299])
2026-03-15 17:37:34,275 [Worker-13: Launching mavenrun-e0cf60fb-d987-4ffc-ac61-2c4dec38f73b] INFO  o.eclipse.m2e.core.internal.Bundles - 	Entry: C:\Users\pablo\.p2\pool\plugins\org.eclipse.m2e.maven.runtime_3.9.900.20250220-2013
2026-03-15 17:37:34,275 [Worker-13: Launching mavenrun-e0cf60fb-d987-4ffc-ac61-2c4dec38f73b] INFO  o.eclipse.m2e.core.internal.Bundles - 	Entry: C:\Users\pablo\.p2\pool\plugins\org.eclipse.m2e.maven.runtime_3.9.900.20250220-2013\jars\aopalliance-1.0.jar
2026-03-15 17:37:34,275 [Worker-13: Launching mavenrun-e0cf60fb-d987-4ffc-ac61-2c4dec38f73b] INFO  o.eclipse.m2e.core.internal.Bundles - 	Entry: C:\Users\pablo\.p2\pool\plugins\org.eclipse.m2e.maven.runtime_3.9.900.20250220-2013\jars\guice-5.1.0.jar
2026-03-15 17:37:34,275 [Worker-13: Launching mavenrun-e0cf60fb-d987-4ffc-ac61-2c4dec38f73b] INFO  o.eclipse.m2e.core.internal.Bundles - 	Entry: C:\Users\pablo\.p2\pool\plugins\org.eclipse.m2e.maven.runtime_3.9.900.20250220-2013\jars\httpclient-4.5.14.jar
2026-03-15 17:37:34,275 [Worker-13: Launching mavenrun-e0cf60fb-d987-4ffc-ac61-2c4dec38f73b] INFO  o.eclipse.m2e.core.internal.Bundles - 	Entry: C:\Users\pablo\.p2\pool\plugins\org.eclipse.m2e.maven.runtime_3.9.900.20250220-2013\jars\httpcore-4.4.16.jar
2026-03-15 17:37:34,276 [Worker-13: Launching mavenrun-e0cf60fb-d987-4ffc-ac61-2c4dec38f73b] INFO  o.eclipse.m2e.core.internal.Bundles - 	Entry: C:\Users\pablo\.p2\pool\plugins\org.eclipse.m2e.maven.runtime_3.9.900.20250220-2013\jars\jansi-2.4.1.jar
2026-03-15 17:37:34,276 [Worker-13: Launching mavenrun-e0cf60fb-d987-4ffc-ac61-2c4dec38f73b] INFO  o.eclipse.m2e.core.internal.Bundles - 	Entry: C:\Users\pablo\.p2\pool\plugins\org.eclipse.m2e.maven.runtime_3.9.900.20250220-2013\jars\jcl-over-slf4j-1.7.36.jar
2026-03-15 17:37:34,276 [Worker-13: Launching mavenrun-e0cf60fb-d987-4ffc-ac61-2c4dec38f73b] INFO  o.eclipse.m2e.core.internal.Bundles - 	Entry: C:\Users\pablo\.p2\pool\plugins\org.eclipse.m2e.maven.runtime_3.9.900.20250220-2013\jars\maven-artifact-3.9.9.jar
2026-03-15 17:37:34,276 [Worker-13: Launching mavenrun-e0cf60fb-d987-4ffc-ac61-2c4dec38f73b] INFO  o.eclipse.m2e.core.internal.Bundles - 	Entry: C:\Users\pablo\.p2\pool\plugins\org.eclipse.m2e.maven.runtime_3.9.900.20250220-2013\jars\maven-builder-support-3.9.9.jar
2026-03-15 17:37:34,276 [Worker-13: Launching mavenrun-e0cf60fb-d987-4ffc-ac61-2c4dec38f73b] INFO  o.eclipse.m2e.core.internal.Bundles - 	Entry: C:\Users\pablo\.p2\pool\plugins\org.eclipse.m2e.maven.runtime_3.9.900.20250220-2013\jars\maven-compat-3.9.9.jar
2026-03-15 17:37:34,276 [Worker-13: Launching mavenrun-e0cf60fb-d987-4ffc-ac61-2c4dec38f73b] INFO  o.eclipse.m2e.core.internal.Bundles - 	Entry: C:\Users\pablo\.p2\pool\plugins\org.eclipse.m2e.maven.runtime_3.9.900.20250220-2013\jars\maven-core-3.9.9.jar
2026-03-15 17:37:34,276 [Worker-13: Launching mavenrun-e0cf60fb-d987-4ffc-ac61-2c4dec38f73b] INFO  o.eclipse.m2e.core.internal.Bundles - 	Entry: C:\Users\pablo\.p2\pool\plugins\org.eclipse.m2e.maven.runtime_3.9.900.20250220-2013\jars\maven-embedder-3.9.9.jar
2026-03-15 17:37:34,276 [Worker-13: Launching mavenrun-e0cf60fb-d987-4ffc-ac61-2c4dec38f73b] INFO  o.eclipse.m2e.core.internal.Bundles - 	Entry: C:\Users\pablo\.p2\pool\plugins\org.eclipse.m2e.maven.runtime_3.9.900.20250220-2013\jars\maven-model-3.9.9.jar
2026-03-15 17:37:34,276 [Worker-13: Launching mavenrun-e0cf60fb-d987-4ffc-ac61-2c4dec38f73b] INFO  o.eclipse.m2e.core.internal.Bundles - 	Entry: C:\Users\pablo\.p2\pool\plugins\org.eclipse.m2e.maven.runtime_3.9.900.20250220-2013\jars\maven-model-builder-3.9.9.jar
2026-03-15 17:37:34,276 [Worker-13: Launching mavenrun-e0cf60fb-d987-4ffc-ac61-2c4dec38f73b] INFO  o.eclipse.m2e.core.internal.Bundles - 	Entry: C:\Users\pablo\.p2\pool\plugins\org.eclipse.m2e.maven.runtime_3.9.900.20250220-2013\jars\maven-plugin-api-3.9.9.jar
2026-03-15 17:37:34,277 [Worker-13: Launching mavenrun-e0cf60fb-d987-4ffc-ac61-2c4dec38f73b] INFO  o.eclipse.m2e.core.internal.Bundles - 	Entry: C:\Users\pablo\.p2\pool\plugins\org.eclipse.m2e.maven.runtime_3.9.900.20250220-2013\jars\maven-repository-metadata-3.9.9.jar
2026-03-15 17:37:34,277 [Worker-13: Launching mavenrun-e0cf60fb-d987-4ffc-ac61-2c4dec38f73b] INFO  o.eclipse.m2e.core.internal.Bundles - 	Entry: C:\Users\pablo\.p2\pool\plugins\org.eclipse.m2e.maven.runtime_3.9.900.20250220-2013\jars\maven-resolver-api-1.9.22.jar
2026-03-15 17:37:34,277 [Worker-13: Launching mavenrun-e0cf60fb-d987-4ffc-ac61-2c4dec38f73b] INFO  o.eclipse.m2e.core.internal.Bundles - 	Entry: C:\Users\pablo\.p2\pool\plugins\org.eclipse.m2e.maven.runtime_3.9.900.20250220-2013\jars\maven-resolver-connector-basic-1.9.22.jar
2026-03-15 17:37:34,277 [Worker-13: Launching mavenrun-e0cf60fb-d987-4ffc-ac61-2c4dec38f73b] INFO  o.eclipse.m2e.core.internal.Bundles - 	Entry: C:\Users\pablo\.p2\pool\plugins\org.eclipse.m2e.maven.runtime_3.9.900.20250220-2013\jars\maven-resolver-impl-1.9.22.jar
2026-03-15 17:37:34,277 [Worker-13: Launching mavenrun-e0cf60fb-d987-4ffc-ac61-2c4dec38f73b] INFO  o.eclipse.m2e.core.internal.Bundles - 	Entry: C:\Users\pablo\.p2\pool\plugins\org.eclipse.m2e.maven.runtime_3.9.900.20250220-2013\jars\maven-resolver-named-locks-1.9.22.jar
2026-03-15 17:37:34,277 [Worker-13: Launching mavenrun-e0cf60fb-d987-4ffc-ac61-2c4dec38f73b] INFO  o.eclipse.m2e.core.internal.Bundles - 	Entry: C:\Users\pablo\.p2\pool\plugins\org.eclipse.m2e.maven.runtime_3.9.900.20250220-2013\jars\maven-resolver-provider-3.9.9.jar
2026-03-15 17:37:34,278 [Worker-13: Launching mavenrun-e0cf60fb-d987-4ffc-ac61-2c4dec38f73b] INFO  o.eclipse.m2e.core.internal.Bundles - 	Entry: C:\Users\pablo\.p2\pool\plugins\org.eclipse.m2e.maven.runtime_3.9.900.20250220-2013\jars\maven-resolver-spi-1.9.22.jar
2026-03-15 17:37:34,278 [Worker-13: Launching mavenrun-e0cf60fb-d987-4ffc-ac61-2c4dec38f73b] INFO  o.eclipse.m2e.core.internal.Bundles - 	Entry: C:\Users\pablo\.p2\pool\plugins\org.eclipse.m2e.maven.runtime_3.9.900.20250220-2013\jars\maven-resolver-transport-file-1.9.22.jar
2026-03-15 17:37:34,278 [Worker-13: Launching mavenrun-e0cf60fb-d987-4ffc-ac61-2c4dec38f73b] INFO  o.eclipse.m2e.core.internal.Bundles - 	Entry: C:\Users\pablo\.p2\pool\plugins\org.eclipse.m2e.maven.runtime_3.9.900.20250220-2013\jars\maven-resolver-transport-http-1.9.22.jar
2026-03-15 17:37:34,278 [Worker-13: Launching mavenrun-e0cf60fb-d987-4ffc-ac61-2c4dec38f73b] INFO  o.eclipse.m2e.core.internal.Bundles - 	Entry: C:\Users\pablo\.p2\pool\plugins\org.eclipse.m2e.maven.runtime_3.9.900.20250220-2013\jars\maven-resolver-transport-wagon-1.9.22.jar
2026-03-15 17:37:34,278 [Worker-13: Launching mavenrun-e0cf60fb-d987-4ffc-ac61-2c4dec38f73b] INFO  o.eclipse.m2e.core.internal.Bundles - 	Entry: C:\Users\pablo\.p2\pool\plugins\org.eclipse.m2e.maven.runtime_3.9.900.20250220-2013\jars\maven-resolver-util-1.9.22.jar
2026-03-15 17:37:34,278 [Worker-13: Launching mavenrun-e0cf60fb-d987-4ffc-ac61-2c4dec38f73b] INFO  o.eclipse.m2e.core.internal.Bundles - 	Entry: C:\Users\pablo\.p2\pool\plugins\org.eclipse.m2e.maven.runtime_3.9.900.20250220-2013\jars\maven-settings-3.9.9.jar
2026-03-15 17:37:34,278 [Worker-13: Launching mavenrun-e0cf60fb-d987-4ffc-ac61-2c4dec38f73b] INFO  o.eclipse.m2e.core.internal.Bundles - 	Entry: C:\Users\pablo\.p2\pool\plugins\org.eclipse.m2e.maven.runtime_3.9.900.20250220-2013\jars\maven-settings-builder-3.9.9.jar
2026-03-15 17:37:34,278 [Worker-13: Launching mavenrun-e0cf60fb-d987-4ffc-ac61-2c4dec38f73b] INFO  o.eclipse.m2e.core.internal.Bundles - 	Entry: C:\Users\pablo\.p2\pool\plugins\org.eclipse.m2e.maven.runtime_3.9.900.20250220-2013\jars\maven-shared-utils-3.4.2.jar
2026-03-15 17:37:34,278 [Worker-13: Launching mavenrun-e0cf60fb-d987-4ffc-ac61-2c4dec38f73b] INFO  o.eclipse.m2e.core.internal.Bundles - 	Entry: C:\Users\pablo\.p2\pool\plugins\org.eclipse.m2e.maven.runtime_3.9.900.20250220-2013\jars\org.eclipse.sisu.inject-0.9.0.M3.jar
2026-03-15 17:37:34,279 [Worker-13: Launching mavenrun-e0cf60fb-d987-4ffc-ac61-2c4dec38f73b] INFO  o.eclipse.m2e.core.internal.Bundles - 	Entry: C:\Users\pablo\.p2\pool\plugins\org.eclipse.m2e.maven.runtime_3.9.900.20250220-2013\jars\org.eclipse.sisu.plexus-0.9.0.M3.jar
2026-03-15 17:37:34,279 [Worker-13: Launching mavenrun-e0cf60fb-d987-4ffc-ac61-2c4dec38f73b] INFO  o.eclipse.m2e.core.internal.Bundles - 	Entry: C:\Users\pablo\.p2\pool\plugins\org.eclipse.m2e.maven.runtime_3.9.900.20250220-2013\jars\plexus-build-api-0.0.7.jar
2026-03-15 17:37:34,279 [Worker-13: Launching mavenrun-e0cf60fb-d987-4ffc-ac61-2c4dec38f73b] INFO  o.eclipse.m2e.core.internal.Bundles - 	Entry: C:\Users\pablo\.p2\pool\plugins\org.eclipse.m2e.maven.runtime_3.9.900.20250220-2013\jars\plexus-build-api-1.2.0.jar
2026-03-15 17:37:34,279 [Worker-13: Launching mavenrun-e0cf60fb-d987-4ffc-ac61-2c4dec38f73b] INFO  o.eclipse.m2e.core.internal.Bundles - 	Entry: C:\Users\pablo\.p2\pool\plugins\org.eclipse.m2e.maven.runtime_3.9.900.20250220-2013\jars\plexus-cipher-2.0.jar
2026-03-15 17:37:34,279 [Worker-13: Launching mavenrun-e0cf60fb-d987-4ffc-ac61-2c4dec38f73b] INFO  o.eclipse.m2e.core.internal.Bundles - 	Entry: C:\Users\pablo\.p2\pool\plugins\org.eclipse.m2e.maven.runtime_3.9.900.20250220-2013\jars\plexus-classworlds-2.8.0.jar
2026-03-15 17:37:34,279 [Worker-13: Launching mavenrun-e0cf60fb-d987-4ffc-ac61-2c4dec38f73b] INFO  o.eclipse.m2e.core.internal.Bundles - 	Entry: C:\Users\pablo\.p2\pool\plugins\org.eclipse.m2e.maven.runtime_3.9.900.20250220-2013\jars\plexus-component-annotations-2.1.0.jar
2026-03-15 17:37:34,279 [Worker-13: Launching mavenrun-e0cf60fb-d987-4ffc-ac61-2c4dec38f73b] INFO  o.eclipse.m2e.core.internal.Bundles - 	Entry: C:\Users\pablo\.p2\pool\plugins\org.eclipse.m2e.maven.runtime_3.9.900.20250220-2013\jars\plexus-interpolation-1.27.jar
2026-03-15 17:37:34,279 [Worker-13: Launching mavenrun-e0cf60fb-d987-4ffc-ac61-2c4dec38f73b] INFO  o.eclipse.m2e.core.internal.Bundles - 	Entry: C:\Users\pablo\.p2\pool\plugins\org.eclipse.m2e.maven.runtime_3.9.900.20250220-2013\jars\plexus-sec-dispatcher-2.0.jar
2026-03-15 17:37:34,280 [Worker-13: Launching mavenrun-e0cf60fb-d987-4ffc-ac61-2c4dec38f73b] INFO  o.eclipse.m2e.core.internal.Bundles - 	Entry: C:\Users\pablo\.p2\pool\plugins\org.eclipse.m2e.maven.runtime_3.9.900.20250220-2013\jars\plexus-utils-3.5.1.jar
2026-03-15 17:37:34,280 [Worker-13: Launching mavenrun-e0cf60fb-d987-4ffc-ac61-2c4dec38f73b] INFO  o.eclipse.m2e.core.internal.Bundles - 	Entry: C:\Users\pablo\.p2\pool\plugins\org.eclipse.m2e.maven.runtime_3.9.900.20250220-2013\jars\plexus-xml-3.0.1.jar
2026-03-15 17:37:34,280 [Worker-13: Launching mavenrun-e0cf60fb-d987-4ffc-ac61-2c4dec38f73b] INFO  o.eclipse.m2e.core.internal.Bundles - 	Entry: C:\Users\pablo\.p2\pool\plugins\org.eclipse.m2e.maven.runtime_3.9.900.20250220-2013\jars\wagon-file-3.5.3.jar
2026-03-15 17:37:34,280 [Worker-13: Launching mavenrun-e0cf60fb-d987-4ffc-ac61-2c4dec38f73b] INFO  o.eclipse.m2e.core.internal.Bundles - 	Entry: C:\Users\pablo\.p2\pool\plugins\org.eclipse.m2e.maven.runtime_3.9.900.20250220-2013\jars\wagon-http-3.5.3.jar
2026-03-15 17:37:34,280 [Worker-13: Launching mavenrun-e0cf60fb-d987-4ffc-ac61-2c4dec38f73b] INFO  o.eclipse.m2e.core.internal.Bundles - 	Entry: C:\Users\pablo\.p2\pool\plugins\org.eclipse.m2e.maven.runtime_3.9.900.20250220-2013\jars\wagon-http-shared-3.5.3.jar
2026-03-15 17:37:34,280 [Worker-13: Launching mavenrun-e0cf60fb-d987-4ffc-ac61-2c4dec38f73b] INFO  o.eclipse.m2e.core.internal.Bundles - 	Entry: C:\Users\pablo\.p2\pool\plugins\org.eclipse.m2e.maven.runtime_3.9.900.20250220-2013\jars\wagon-provider-api-3.5.3.jar
2026-03-15 17:37:34,282 [Worker-13: Launching mavenrun-e0cf60fb-d987-4ffc-ac61-2c4dec38f73b] INFO  o.eclipse.m2e.core.internal.Bundles - getClasspathEntries(Bundle=com.google.guava_33.4.8.jre [13])
2026-03-15 17:37:34,282 [Worker-13: Launching mavenrun-e0cf60fb-d987-4ffc-ac61-2c4dec38f73b] INFO  o.eclipse.m2e.core.internal.Bundles - 	Entry: C:\Users\pablo\.p2\pool\plugins\com.google.guava_33.4.8.jre.jar
2026-03-15 17:37:34,282 [Worker-13: Launching mavenrun-e0cf60fb-d987-4ffc-ac61-2c4dec38f73b] INFO  o.eclipse.m2e.core.internal.Bundles - getClasspathEntries(Bundle=slf4j.api_2.0.17 [522])
2026-03-15 17:37:34,282 [Worker-13: Launching mavenrun-e0cf60fb-d987-4ffc-ac61-2c4dec38f73b] INFO  o.eclipse.m2e.core.internal.Bundles - 	Entry: C:\Users\pablo\.p2\pool\plugins\slf4j.api_2.0.17.jar
2026-03-15 17:37:34,282 [Worker-13: Launching mavenrun-e0cf60fb-d987-4ffc-ac61-2c4dec38f73b] INFO  o.eclipse.m2e.core.internal.Bundles - getClasspathEntries(Bundle=jakarta.inject.jakarta.inject-api_1.0.5 [24])
2026-03-15 17:37:34,283 [Worker-13: Launching mavenrun-e0cf60fb-d987-4ffc-ac61-2c4dec38f73b] INFO  o.eclipse.m2e.core.internal.Bundles - 	Entry: C:\Users\pablo\.p2\pool\plugins\jakarta.inject.jakarta.inject-api_1.0.5.jar
2026-03-15 17:37:34,283 [Worker-13: Launching mavenrun-e0cf60fb-d987-4ffc-ac61-2c4dec38f73b] INFO  o.eclipse.m2e.core.internal.Bundles - getClasspathEntries(Bundle=javax.annotation_1.3.5.v20200909-1856 [27])
2026-03-15 17:37:34,283 [Worker-13: Launching mavenrun-e0cf60fb-d987-4ffc-ac61-2c4dec38f73b] INFO  o.eclipse.m2e.core.internal.Bundles - 	Entry: C:\Users\pablo\.p2\pool\plugins\javax.annotation_1.3.5.v20200909-1856.jar
2026-03-15 17:37:34,283 [Worker-13: Launching mavenrun-e0cf60fb-d987-4ffc-ac61-2c4dec38f73b] INFO  o.eclipse.m2e.core.internal.Bundles - getClasspathEntries(Bundle=org.apache.commons.cli_1.9.0 [49])
2026-03-15 17:37:34,283 [Worker-13: Launching mavenrun-e0cf60fb-d987-4ffc-ac61-2c4dec38f73b] INFO  o.eclipse.m2e.core.internal.Bundles - 	Entry: C:\Users\pablo\.p2\pool\plugins\org.apache.commons.cli_1.9.0.jar
2026-03-15 17:37:34,283 [Worker-13: Launching mavenrun-e0cf60fb-d987-4ffc-ac61-2c4dec38f73b] INFO  o.eclipse.m2e.core.internal.Bundles - getClasspathEntries(Bundle=org.apache.commons.commons-codec_1.16.0 [50])
2026-03-15 17:37:34,284 [Worker-13: Launching mavenrun-e0cf60fb-d987-4ffc-ac61-2c4dec38f73b] INFO  o.eclipse.m2e.core.internal.Bundles - 	Entry: C:\Users\pablo\.p2\pool\plugins\org.apache.commons.commons-codec_1.16.0.jar
2026-03-15 17:37:34,284 [Worker-13: Launching mavenrun-e0cf60fb-d987-4ffc-ac61-2c4dec38f73b] INFO  o.eclipse.m2e.core.internal.Bundles - getClasspathEntries(Bundle=com.google.guava.failureaccess_1.0.3 [14])
2026-03-15 17:37:34,284 [Worker-13: Launching mavenrun-e0cf60fb-d987-4ffc-ac61-2c4dec38f73b] INFO  o.eclipse.m2e.core.internal.Bundles - 	Entry: C:\Users\pablo\.p2\pool\plugins\com.google.guava.failureaccess_1.0.3.jar
2026-03-15 17:37:34,287 [Worker-13: Launching mavenrun-e0cf60fb-d987-4ffc-ac61-2c4dec38f73b] INFO  o.e.m.i.launch.MavenLaunchDelegate - Run build in "C:\Users\pablo\AppData\Local\Temp\m2e-archetypeGenerator1020246813464771652":
2026-03-15 17:37:34,291 [Worker-13: Launching mavenrun-e0cf60fb-d987-4ffc-ac61-2c4dec38f73b] INFO  o.e.m.i.launch.MavenLaunchDelegate -  mvn  -DarchetypeGroupId=io.github.unlp-oo -DarchetypeArtifactId=archetype -DarchetypeVersion=1.0.0 -DgroupId=ar.edu.unlp.info.oo2 -DartifactId=ejercicio1-redSocial -Dversion=0.0.1-SNAPSHOT -Dpackage=ar.edu.unlp.info.oo2.ejercicio1_redSocial -DoutputDirectory="F:\Informática\Informática 2026\OO2" -B -Dstyle.color=always -U archetype:generate
2026-03-15 17:37:43,985 [Worker-3: Creating archetype] INFO  o.e.m.c.i.p.ProjectConfigurationManager - Collecting project info '/pom.xml' F:\Informática\Informática 2026\OO2\ejercicio1-redSocial\pom.xml
2026-03-15 17:37:44,670 [Worker-3: Creating archetype] INFO  o.e.m.c.i.l.LifecycleMappingFactory - Using org.eclipse.m2e.jdt.JarLifecycleMapping lifecycle mapping for MavenProject: ar.edu.unlp.info.oo2:ejercicio1-redSocial:0.0.1-SNAPSHOT @ F:\Informática\Informática 2026\OO2\ejercicio1-redSocial\pom.xml.
2026-03-15 17:37:45,650 [Worker-3: Creating archetype] INFO  o.e.m.j.i.AbstractJavaProjectConfigurator - Adding source folder /ejercicio1-redSocial/src/main/java
2026-03-15 17:37:45,652 [Worker-3: Creating archetype] INFO  o.e.m.j.i.AbstractJavaProjectConfigurator - Adding resource folder /ejercicio1-redSocial/src/main/resources
2026-03-15 17:37:45,652 [Worker-3: Creating archetype] INFO  o.e.m.j.i.AbstractJavaProjectConfigurator - Adding source folder /ejercicio1-redSocial/src/test/java
2026-03-15 17:37:45,653 [Worker-3: Creating archetype] INFO  o.e.m.j.i.AbstractJavaProjectConfigurator - Adding resource folder /ejercicio1-redSocial/src/test/resources
2026-03-15 17:37:45,718 [Worker-3: Creating archetype] INFO  o.e.m.c.i.p.ProjectConfigurationManager - Imported and configured 1 project(s) in 1 sec
2026-03-15 17:37:46,272 [Worker-36: Building] INFO  o.a.m.s.f.DefaultMavenResourcesFiltering - skip non existing resourceDirectory F:\Informática\Informática 2026\OO2\ejercicio1-redSocial\src\main\resources
2026-03-15 17:37:46,277 [Worker-36: Building] INFO  o.a.m.s.f.DefaultMavenResourcesFiltering - skip non existing resourceDirectory F:\Informática\Informática 2026\OO2\ejercicio1-redSocial\src\test\resources
2026-03-18 12:36:48,615 [Worker-6: Loading available Gradle versions] INFO  o.e.b.c.i.u.g.PublishedGradleVersions - Gradle version information cache is out-of-date. Trying to update.
2026-03-18 12:36:50,062 [Worker-13: Building] INFO  o.a.m.s.f.DefaultMavenResourcesFiltering - skip non existing resourceDirectory F:\Informática\Informática 2026\OO2\ejercicio1-redSocial\src\main\resources
2026-03-18 12:36:50,069 [Worker-13: Building] INFO  o.a.m.s.f.DefaultMavenResourcesFiltering - skip non existing resourceDirectory F:\Informática\Informática 2026\OO2\ejercicio1-redSocial\src\test\resources
2026-03-18 12:36:52,429 [Worker-10: Building] INFO  o.a.m.s.f.DefaultMavenResourcesFiltering - skip non existing resourceDirectory F:\Informática\Informática 2026\OO2\ejercicio1-redSocial\src\main\resources
2026-03-18 12:36:52,431 [Worker-10: Building] INFO  o.a.m.s.f.DefaultMavenResourcesFiltering - skip non existing resourceDirectory F:\Informática\Informática 2026\OO2\ejercicio1-redSocial\src\test\resources
2026-03-20 13:20:50,189 [Worker-2: Loading available Gradle versions] INFO  o.e.b.c.i.u.g.PublishedGradleVersions - Gradle version information cache is out-of-date. Trying to update.
2026-03-20 13:20:56,103 [Worker-1: Building] INFO  o.a.m.s.f.DefaultMavenResourcesFiltering - skip non existing resourceDirectory C:\repositorios\orientacion-objetos-2\ejercicio1-redSocial\src\main\resources
2026-03-20 13:20:56,107 [Worker-1: Building] INFO  o.a.m.s.f.DefaultMavenResourcesFiltering - skip non existing resourceDirectory C:\repositorios\orientacion-objetos-2\ejercicio1-redSocial\src\test\resources
2026-03-20 13:21:02,387 [Worker-31: Building] INFO  o.a.m.s.f.DefaultMavenResourcesFiltering - skip non existing resourceDirectory C:\repositorios\orientacion-objetos-2\ejercicio1-redSocial\src\main\resources
2026-03-20 13:21:02,391 [Worker-31: Building] INFO  o.a.m.s.f.DefaultMavenResourcesFiltering - skip non existing resourceDirectory C:\repositorios\orientacion-objetos-2\ejercicio1-redSocial\src\test\resources
2026-03-20 14:59:17,030 [Worker-1: Loading available Gradle versions] INFO  o.e.b.c.i.u.g.PublishedGradleVersions - Gradle version information cache is up-to-date. Trying to read.
2026-03-20 14:59:41,227 [Worker-5: Loading available Gradle versions] INFO  o.e.b.c.i.u.g.PublishedGradleVersions - Gradle version information cache is up-to-date. Trying to read.
2026-03-20 15:00:17,787 [Worker-7: Loading available Gradle versions] INFO  o.e.b.c.i.u.g.PublishedGradleVersions - Gradle version information cache is up-to-date. Trying to read.
2026-03-20 15:03:50,801 [Worker-15: Importing Maven projects] INFO  o.e.m.c.i.l.LifecycleMappingFactory - Using org.eclipse.m2e.jdt.JarLifecycleMapping lifecycle mapping for MavenProject: ar.edu.unlp.info.oo2:ejercicio1-redSocial:0.0.1-SNAPSHOT @ C:\repositorios\orientacion-objetos-2\ejercicio01\pom.xml.
2026-03-20 15:03:51,289 [Worker-15: Importing Maven projects] INFO  o.e.m.j.i.AbstractJavaProjectConfigurator - Adding source folder /ejercicio01/src/main/java
2026-03-20 15:03:51,291 [Worker-15: Importing Maven projects] INFO  o.e.m.j.i.AbstractJavaProjectConfigurator - Adding resource folder /ejercicio01/src/main/resources
2026-03-20 15:03:51,292 [Worker-15: Importing Maven projects] INFO  o.e.m.j.i.AbstractJavaProjectConfigurator - Adding source folder /ejercicio01/src/test/java
2026-03-20 15:03:51,292 [Worker-15: Importing Maven projects] INFO  o.e.m.j.i.AbstractJavaProjectConfigurator - Adding resource folder /ejercicio01/src/test/resources
2026-03-20 15:03:51,332 [Worker-15: Importing Maven projects] INFO  o.e.m.c.i.p.ProjectConfigurationManager - Imported and configured 1 project(s) in 1 sec
2026-03-20 15:03:51,744 [Worker-23: Building] INFO  o.a.m.s.f.DefaultMavenResourcesFiltering - skip non existing resourceDirectory C:\repositorios\orientacion-objetos-2\ejercicio01\src\main\resources
2026-03-20 15:03:51,747 [Worker-23: Building] INFO  o.a.m.s.f.DefaultMavenResourcesFiltering - skip non existing resourceDirectory C:\repositorios\orientacion-objetos-2\ejercicio01\src\test\resources
2026-03-20 15:04:11,238 [Worker-1: Building] INFO  o.a.m.s.f.DefaultMavenResourcesFiltering - skip non existing resourceDirectory C:\repositorios\orientacion-objetos-2\ejercicio01\src\main\resources
2026-03-20 15:04:11,240 [Worker-1: Building] INFO  o.a.m.s.f.DefaultMavenResourcesFiltering - skip non existing resourceDirectory C:\repositorios\orientacion-objetos-2\ejercicio01\src\test\resources
2026-03-20 15:04:15,267 [Worker-18: Building] INFO  o.a.m.s.f.DefaultMavenResourcesFiltering - skip non existing resourceDirectory C:\repositorios\orientacion-objetos-2\ejercicio01\src\main\resources
2026-03-20 15:04:15,270 [Worker-18: Building] INFO  o.a.m.s.f.DefaultMavenResourcesFiltering - skip non existing resourceDirectory C:\repositorios\orientacion-objetos-2\ejercicio01\src\test\resources
2026-03-20 15:04:37,727 [Worker-0: Building] INFO  o.a.m.s.f.DefaultMavenResourcesFiltering - skip non existing resourceDirectory C:\repositorios\orientacion-objetos-2\ejercicio01\src\main\resources
2026-03-20 15:04:37,730 [Worker-0: Building] INFO  o.a.m.s.f.DefaultMavenResourcesFiltering - skip non existing resourceDirectory C:\repositorios\orientacion-objetos-2\ejercicio01\src\test\resources
2026-03-20 15:05:00,282 [Worker-2: Building] INFO  o.a.m.s.f.DefaultMavenResourcesFiltering - skip non existing resourceDirectory C:\repositorios\orientacion-objetos-2\ejercicio01\src\main\resources
2026-03-20 15:05:00,284 [Worker-2: Building] INFO  o.a.m.s.f.DefaultMavenResourcesFiltering - skip non existing resourceDirectory C:\repositorios\orientacion-objetos-2\ejercicio01\src\test\resources
2026-03-20 15:05:14,958 [Worker-10: Building] INFO  o.a.m.s.f.DefaultMavenResourcesFiltering - skip non existing resourceDirectory C:\repositorios\orientacion-objetos-2\ejercicio01\src\main\resources
2026-03-20 15:05:14,960 [Worker-10: Building] INFO  o.a.m.s.f.DefaultMavenResourcesFiltering - skip non existing resourceDirectory C:\repositorios\orientacion-objetos-2\ejercicio01\src\test\resources
2026-03-20 15:05:33,482 [Worker-8: Building] INFO  o.a.m.s.f.DefaultMavenResourcesFiltering - skip non existing resourceDirectory C:\repositorios\orientacion-objetos-2\ejercicio01\src\main\resources
2026-03-20 15:05:33,483 [Worker-8: Building] INFO  o.a.m.s.f.DefaultMavenResourcesFiltering - skip non existing resourceDirectory C:\repositorios\orientacion-objetos-2\ejercicio01\src\test\resources
2026-03-20 15:05:59,969 [Worker-2: Building] INFO  o.a.m.s.f.DefaultMavenResourcesFiltering - skip non existing resourceDirectory C:\repositorios\orientacion-objetos-2\ejercicio01\src\main\resources
2026-03-20 15:05:59,970 [Worker-2: Building] INFO  o.a.m.s.f.DefaultMavenResourcesFiltering - skip non existing resourceDirectory C:\repositorios\orientacion-objetos-2\ejercicio01\src\test\resources
2026-03-20 15:06:17,600 [Worker-21: Building] INFO  o.a.m.s.f.DefaultMavenResourcesFiltering - skip non existing resourceDirectory C:\repositorios\orientacion-objetos-2\ejercicio01\src\main\resources
2026-03-20 15:06:17,602 [Worker-21: Building] INFO  o.a.m.s.f.DefaultMavenResourcesFiltering - skip non existing resourceDirectory C:\repositorios\orientacion-objetos-2\ejercicio01\src\test\resources
2026-03-20 15:07:07,118 [Worker-8: Building] INFO  o.a.m.s.f.DefaultMavenResourcesFiltering - skip non existing resourceDirectory C:\repositorios\orientacion-objetos-2\ejercicio01\src\main\resources
2026-03-20 15:07:07,120 [Worker-8: Building] INFO  o.a.m.s.f.DefaultMavenResourcesFiltering - skip non existing resourceDirectory C:\repositorios\orientacion-objetos-2\ejercicio01\src\test\resources
2026-03-20 15:09:37,756 [Worker-18: Building] INFO  o.a.m.s.f.DefaultMavenResourcesFiltering - skip non existing resourceDirectory C:\repositorios\orientacion-objetos-2\ejercicio01\src\main\resources
2026-03-20 15:09:37,757 [Worker-18: Building] INFO  o.a.m.s.f.DefaultMavenResourcesFiltering - skip non existing resourceDirectory C:\repositorios\orientacion-objetos-2\ejercicio01\src\test\resources
2026-03-20 15:10:13,510 [main] INFO  o.e.m.jdt.internal.UnitTestSupport - Updating ejercicio01 from maven configuration
2026-03-20 15:12:52,366 [Worker-1: Building] INFO  o.a.m.s.f.DefaultMavenResourcesFiltering - skip non existing resourceDirectory C:\repositorios\orientacion-objetos-2\ejercicio01\src\main\resources
2026-03-20 15:12:52,367 [Worker-1: Building] INFO  o.a.m.s.f.DefaultMavenResourcesFiltering - skip non existing resourceDirectory C:\repositorios\orientacion-objetos-2\ejercicio01\src\test\resources
2026-03-20 15:13:19,681 [Worker-23: Building] INFO  o.a.m.s.f.DefaultMavenResourcesFiltering - skip non existing resourceDirectory C:\repositorios\orientacion-objetos-2\ejercicio01\src\main\resources
2026-03-20 15:13:19,682 [Worker-23: Building] INFO  o.a.m.s.f.DefaultMavenResourcesFiltering - skip non existing resourceDirectory C:\repositorios\orientacion-objetos-2\ejercicio01\src\test\resources
2026-03-20 15:13:37,408 [Worker-8: Building] INFO  o.a.m.s.f.DefaultMavenResourcesFiltering - skip non existing resourceDirectory C:\repositorios\orientacion-objetos-2\ejercicio01\src\main\resources
2026-03-20 15:13:37,409 [Worker-8: Building] INFO  o.a.m.s.f.DefaultMavenResourcesFiltering - skip non existing resourceDirectory C:\repositorios\orientacion-objetos-2\ejercicio01\src\test\resources
2026-03-20 15:16:59,179 [Worker-23: Launching mavenrun-9321b3a1-08dd-411a-95be-42cc6b648249] INFO  o.eclipse.m2e.core.internal.Bundles - getClasspathEntries(Bundle=org.eclipse.m2e.maven.runtime_3.9.900.20250220-2013 [299])
2026-03-20 15:16:59,180 [Worker-23: Launching mavenrun-9321b3a1-08dd-411a-95be-42cc6b648249] INFO  o.eclipse.m2e.core.internal.Bundles - 	Entry: C:\Users\pablo\.p2\pool\plugins\org.eclipse.m2e.maven.runtime_3.9.900.20250220-2013
2026-03-20 15:16:59,181 [Worker-23: Launching mavenrun-9321b3a1-08dd-411a-95be-42cc6b648249] INFO  o.eclipse.m2e.core.internal.Bundles - 	Entry: C:\Users\pablo\.p2\pool\plugins\org.eclipse.m2e.maven.runtime_3.9.900.20250220-2013\jars\aopalliance-1.0.jar
2026-03-20 15:16:59,181 [Worker-23: Launching mavenrun-9321b3a1-08dd-411a-95be-42cc6b648249] INFO  o.eclipse.m2e.core.internal.Bundles - 	Entry: C:\Users\pablo\.p2\pool\plugins\org.eclipse.m2e.maven.runtime_3.9.900.20250220-2013\jars\guice-5.1.0.jar
2026-03-20 15:16:59,181 [Worker-23: Launching mavenrun-9321b3a1-08dd-411a-95be-42cc6b648249] INFO  o.eclipse.m2e.core.internal.Bundles - 	Entry: C:\Users\pablo\.p2\pool\plugins\org.eclipse.m2e.maven.runtime_3.9.900.20250220-2013\jars\httpclient-4.5.14.jar
2026-03-20 15:16:59,181 [Worker-23: Launching mavenrun-9321b3a1-08dd-411a-95be-42cc6b648249] INFO  o.eclipse.m2e.core.internal.Bundles - 	Entry: C:\Users\pablo\.p2\pool\plugins\org.eclipse.m2e.maven.runtime_3.9.900.20250220-2013\jars\httpcore-4.4.16.jar
2026-03-20 15:16:59,181 [Worker-23: Launching mavenrun-9321b3a1-08dd-411a-95be-42cc6b648249] INFO  o.eclipse.m2e.core.internal.Bundles - 	Entry: C:\Users\pablo\.p2\pool\plugins\org.eclipse.m2e.maven.runtime_3.9.900.20250220-2013\jars\jansi-2.4.1.jar
2026-03-20 15:16:59,181 [Worker-23: Launching mavenrun-9321b3a1-08dd-411a-95be-42cc6b648249] INFO  o.eclipse.m2e.core.internal.Bundles - 	Entry: C:\Users\pablo\.p2\pool\plugins\org.eclipse.m2e.maven.runtime_3.9.900.20250220-2013\jars\jcl-over-slf4j-1.7.36.jar
2026-03-20 15:16:59,181 [Worker-23: Launching mavenrun-9321b3a1-08dd-411a-95be-42cc6b648249] INFO  o.eclipse.m2e.core.internal.Bundles - 	Entry: C:\Users\pablo\.p2\pool\plugins\org.eclipse.m2e.maven.runtime_3.9.900.20250220-2013\jars\maven-artifact-3.9.9.jar
2026-03-20 15:16:59,182 [Worker-23: Launching mavenrun-9321b3a1-08dd-411a-95be-42cc6b648249] INFO  o.eclipse.m2e.core.internal.Bundles - 	Entry: C:\Users\pablo\.p2\pool\plugins\org.eclipse.m2e.maven.runtime_3.9.900.20250220-2013\jars\maven-builder-support-3.9.9.jar
2026-03-20 15:16:59,182 [Worker-23: Launching mavenrun-9321b3a1-08dd-411a-95be-42cc6b648249] INFO  o.eclipse.m2e.core.internal.Bundles - 	Entry: C:\Users\pablo\.p2\pool\plugins\org.eclipse.m2e.maven.runtime_3.9.900.20250220-2013\jars\maven-compat-3.9.9.jar
2026-03-20 15:16:59,182 [Worker-23: Launching mavenrun-9321b3a1-08dd-411a-95be-42cc6b648249] INFO  o.eclipse.m2e.core.internal.Bundles - 	Entry: C:\Users\pablo\.p2\pool\plugins\org.eclipse.m2e.maven.runtime_3.9.900.20250220-2013\jars\maven-core-3.9.9.jar
2026-03-20 15:16:59,182 [Worker-23: Launching mavenrun-9321b3a1-08dd-411a-95be-42cc6b648249] INFO  o.eclipse.m2e.core.internal.Bundles - 	Entry: C:\Users\pablo\.p2\pool\plugins\org.eclipse.m2e.maven.runtime_3.9.900.20250220-2013\jars\maven-embedder-3.9.9.jar
2026-03-20 15:16:59,182 [Worker-23: Launching mavenrun-9321b3a1-08dd-411a-95be-42cc6b648249] INFO  o.eclipse.m2e.core.internal.Bundles - 	Entry: C:\Users\pablo\.p2\pool\plugins\org.eclipse.m2e.maven.runtime_3.9.900.20250220-2013\jars\maven-model-3.9.9.jar
2026-03-20 15:16:59,182 [Worker-23: Launching mavenrun-9321b3a1-08dd-411a-95be-42cc6b648249] INFO  o.eclipse.m2e.core.internal.Bundles - 	Entry: C:\Users\pablo\.p2\pool\plugins\org.eclipse.m2e.maven.runtime_3.9.900.20250220-2013\jars\maven-model-builder-3.9.9.jar
2026-03-20 15:16:59,182 [Worker-23: Launching mavenrun-9321b3a1-08dd-411a-95be-42cc6b648249] INFO  o.eclipse.m2e.core.internal.Bundles - 	Entry: C:\Users\pablo\.p2\pool\plugins\org.eclipse.m2e.maven.runtime_3.9.900.20250220-2013\jars\maven-plugin-api-3.9.9.jar
2026-03-20 15:16:59,182 [Worker-23: Launching mavenrun-9321b3a1-08dd-411a-95be-42cc6b648249] INFO  o.eclipse.m2e.core.internal.Bundles - 	Entry: C:\Users\pablo\.p2\pool\plugins\org.eclipse.m2e.maven.runtime_3.9.900.20250220-2013\jars\maven-repository-metadata-3.9.9.jar
2026-03-20 15:16:59,182 [Worker-23: Launching mavenrun-9321b3a1-08dd-411a-95be-42cc6b648249] INFO  o.eclipse.m2e.core.internal.Bundles - 	Entry: C:\Users\pablo\.p2\pool\plugins\org.eclipse.m2e.maven.runtime_3.9.900.20250220-2013\jars\maven-resolver-api-1.9.22.jar
2026-03-20 15:16:59,182 [Worker-23: Launching mavenrun-9321b3a1-08dd-411a-95be-42cc6b648249] INFO  o.eclipse.m2e.core.internal.Bundles - 	Entry: C:\Users\pablo\.p2\pool\plugins\org.eclipse.m2e.maven.runtime_3.9.900.20250220-2013\jars\maven-resolver-connector-basic-1.9.22.jar
2026-03-20 15:16:59,182 [Worker-23: Launching mavenrun-9321b3a1-08dd-411a-95be-42cc6b648249] INFO  o.eclipse.m2e.core.internal.Bundles - 	Entry: C:\Users\pablo\.p2\pool\plugins\org.eclipse.m2e.maven.runtime_3.9.900.20250220-2013\jars\maven-resolver-impl-1.9.22.jar
2026-03-20 15:16:59,183 [Worker-23: Launching mavenrun-9321b3a1-08dd-411a-95be-42cc6b648249] INFO  o.eclipse.m2e.core.internal.Bundles - 	Entry: C:\Users\pablo\.p2\pool\plugins\org.eclipse.m2e.maven.runtime_3.9.900.20250220-2013\jars\maven-resolver-named-locks-1.9.22.jar
2026-03-20 15:16:59,183 [Worker-23: Launching mavenrun-9321b3a1-08dd-411a-95be-42cc6b648249] INFO  o.eclipse.m2e.core.internal.Bundles - 	Entry: C:\Users\pablo\.p2\pool\plugins\org.eclipse.m2e.maven.runtime_3.9.900.20250220-2013\jars\maven-resolver-provider-3.9.9.jar
2026-03-20 15:16:59,183 [Worker-23: Launching mavenrun-9321b3a1-08dd-411a-95be-42cc6b648249] INFO  o.eclipse.m2e.core.internal.Bundles - 	Entry: C:\Users\pablo\.p2\pool\plugins\org.eclipse.m2e.maven.runtime_3.9.900.20250220-2013\jars\maven-resolver-spi-1.9.22.jar
2026-03-20 15:16:59,183 [Worker-23: Launching mavenrun-9321b3a1-08dd-411a-95be-42cc6b648249] INFO  o.eclipse.m2e.core.internal.Bundles - 	Entry: C:\Users\pablo\.p2\pool\plugins\org.eclipse.m2e.maven.runtime_3.9.900.20250220-2013\jars\maven-resolver-transport-file-1.9.22.jar
2026-03-20 15:16:59,183 [Worker-23: Launching mavenrun-9321b3a1-08dd-411a-95be-42cc6b648249] INFO  o.eclipse.m2e.core.internal.Bundles - 	Entry: C:\Users\pablo\.p2\pool\plugins\org.eclipse.m2e.maven.runtime_3.9.900.20250220-2013\jars\maven-resolver-transport-http-1.9.22.jar
2026-03-20 15:16:59,183 [Worker-23: Launching mavenrun-9321b3a1-08dd-411a-95be-42cc6b648249] INFO  o.eclipse.m2e.core.internal.Bundles - 	Entry: C:\Users\pablo\.p2\pool\plugins\org.eclipse.m2e.maven.runtime_3.9.900.20250220-2013\jars\maven-resolver-transport-wagon-1.9.22.jar
2026-03-20 15:16:59,183 [Worker-23: Launching mavenrun-9321b3a1-08dd-411a-95be-42cc6b648249] INFO  o.eclipse.m2e.core.internal.Bundles - 	Entry: C:\Users\pablo\.p2\pool\plugins\org.eclipse.m2e.maven.runtime_3.9.900.20250220-2013\jars\maven-resolver-util-1.9.22.jar
2026-03-20 15:16:59,183 [Worker-23: Launching mavenrun-9321b3a1-08dd-411a-95be-42cc6b648249] INFO  o.eclipse.m2e.core.internal.Bundles - 	Entry: C:\Users\pablo\.p2\pool\plugins\org.eclipse.m2e.maven.runtime_3.9.900.20250220-2013\jars\maven-settings-3.9.9.jar
2026-03-20 15:16:59,184 [Worker-23: Launching mavenrun-9321b3a1-08dd-411a-95be-42cc6b648249] INFO  o.eclipse.m2e.core.internal.Bundles - 	Entry: C:\Users\pablo\.p2\pool\plugins\org.eclipse.m2e.maven.runtime_3.9.900.20250220-2013\jars\maven-settings-builder-3.9.9.jar
2026-03-20 15:16:59,184 [Worker-23: Launching mavenrun-9321b3a1-08dd-411a-95be-42cc6b648249] INFO  o.eclipse.m2e.core.internal.Bundles - 	Entry: C:\Users\pablo\.p2\pool\plugins\org.eclipse.m2e.maven.runtime_3.9.900.20250220-2013\jars\maven-shared-utils-3.4.2.jar
2026-03-20 15:16:59,184 [Worker-23: Launching mavenrun-9321b3a1-08dd-411a-95be-42cc6b648249] INFO  o.eclipse.m2e.core.internal.Bundles - 	Entry: C:\Users\pablo\.p2\pool\plugins\org.eclipse.m2e.maven.runtime_3.9.900.20250220-2013\jars\org.eclipse.sisu.inject-0.9.0.M3.jar
2026-03-20 15:16:59,184 [Worker-23: Launching mavenrun-9321b3a1-08dd-411a-95be-42cc6b648249] INFO  o.eclipse.m2e.core.internal.Bundles - 	Entry: C:\Users\pablo\.p2\pool\plugins\org.eclipse.m2e.maven.runtime_3.9.900.20250220-2013\jars\org.eclipse.sisu.plexus-0.9.0.M3.jar
2026-03-20 15:16:59,184 [Worker-23: Launching mavenrun-9321b3a1-08dd-411a-95be-42cc6b648249] INFO  o.eclipse.m2e.core.internal.Bundles - 	Entry: C:\Users\pablo\.p2\pool\plugins\org.eclipse.m2e.maven.runtime_3.9.900.20250220-2013\jars\plexus-build-api-0.0.7.jar
2026-03-20 15:16:59,184 [Worker-23: Launching mavenrun-9321b3a1-08dd-411a-95be-42cc6b648249] INFO  o.eclipse.m2e.core.internal.Bundles - 	Entry: C:\Users\pablo\.p2\pool\plugins\org.eclipse.m2e.maven.runtime_3.9.900.20250220-2013\jars\plexus-build-api-1.2.0.jar
2026-03-20 15:16:59,184 [Worker-23: Launching mavenrun-9321b3a1-08dd-411a-95be-42cc6b648249] INFO  o.eclipse.m2e.core.internal.Bundles - 	Entry: C:\Users\pablo\.p2\pool\plugins\org.eclipse.m2e.maven.runtime_3.9.900.20250220-2013\jars\plexus-cipher-2.0.jar
2026-03-20 15:16:59,184 [Worker-23: Launching mavenrun-9321b3a1-08dd-411a-95be-42cc6b648249] INFO  o.eclipse.m2e.core.internal.Bundles - 	Entry: C:\Users\pablo\.p2\pool\plugins\org.eclipse.m2e.maven.runtime_3.9.900.20250220-2013\jars\plexus-classworlds-2.8.0.jar
2026-03-20 15:16:59,184 [Worker-23: Launching mavenrun-9321b3a1-08dd-411a-95be-42cc6b648249] INFO  o.eclipse.m2e.core.internal.Bundles - 	Entry: C:\Users\pablo\.p2\pool\plugins\org.eclipse.m2e.maven.runtime_3.9.900.20250220-2013\jars\plexus-component-annotations-2.1.0.jar
2026-03-20 15:16:59,184 [Worker-23: Launching mavenrun-9321b3a1-08dd-411a-95be-42cc6b648249] INFO  o.eclipse.m2e.core.internal.Bundles - 	Entry: C:\Users\pablo\.p2\pool\plugins\org.eclipse.m2e.maven.runtime_3.9.900.20250220-2013\jars\plexus-interpolation-1.27.jar
2026-03-20 15:16:59,185 [Worker-23: Launching mavenrun-9321b3a1-08dd-411a-95be-42cc6b648249] INFO  o.eclipse.m2e.core.internal.Bundles - 	Entry: C:\Users\pablo\.p2\pool\plugins\org.eclipse.m2e.maven.runtime_3.9.900.20250220-2013\jars\plexus-sec-dispatcher-2.0.jar
2026-03-20 15:16:59,185 [Worker-23: Launching mavenrun-9321b3a1-08dd-411a-95be-42cc6b648249] INFO  o.eclipse.m2e.core.internal.Bundles - 	Entry: C:\Users\pablo\.p2\pool\plugins\org.eclipse.m2e.maven.runtime_3.9.900.20250220-2013\jars\plexus-utils-3.5.1.jar
2026-03-20 15:16:59,185 [Worker-23: Launching mavenrun-9321b3a1-08dd-411a-95be-42cc6b648249] INFO  o.eclipse.m2e.core.internal.Bundles - 	Entry: C:\Users\pablo\.p2\pool\plugins\org.eclipse.m2e.maven.runtime_3.9.900.20250220-2013\jars\plexus-xml-3.0.1.jar
2026-03-20 15:16:59,185 [Worker-23: Launching mavenrun-9321b3a1-08dd-411a-95be-42cc6b648249] INFO  o.eclipse.m2e.core.internal.Bundles - 	Entry: C:\Users\pablo\.p2\pool\plugins\org.eclipse.m2e.maven.runtime_3.9.900.20250220-2013\jars\wagon-file-3.5.3.jar
2026-03-20 15:16:59,185 [Worker-23: Launching mavenrun-9321b3a1-08dd-411a-95be-42cc6b648249] INFO  o.eclipse.m2e.core.internal.Bundles - 	Entry: C:\Users\pablo\.p2\pool\plugins\org.eclipse.m2e.maven.runtime_3.9.900.20250220-2013\jars\wagon-http-3.5.3.jar
2026-03-20 15:16:59,185 [Worker-23: Launching mavenrun-9321b3a1-08dd-411a-95be-42cc6b648249] INFO  o.eclipse.m2e.core.internal.Bundles - 	Entry: C:\Users\pablo\.p2\pool\plugins\org.eclipse.m2e.maven.runtime_3.9.900.20250220-2013\jars\wagon-http-shared-3.5.3.jar
2026-03-20 15:16:59,185 [Worker-23: Launching mavenrun-9321b3a1-08dd-411a-95be-42cc6b648249] INFO  o.eclipse.m2e.core.internal.Bundles - 	Entry: C:\Users\pablo\.p2\pool\plugins\org.eclipse.m2e.maven.runtime_3.9.900.20250220-2013\jars\wagon-provider-api-3.5.3.jar
2026-03-20 15:16:59,186 [Worker-23: Launching mavenrun-9321b3a1-08dd-411a-95be-42cc6b648249] INFO  o.eclipse.m2e.core.internal.Bundles - getClasspathEntries(Bundle=com.google.guava_33.4.8.jre [13])
2026-03-20 15:16:59,186 [Worker-23: Launching mavenrun-9321b3a1-08dd-411a-95be-42cc6b648249] INFO  o.eclipse.m2e.core.internal.Bundles - 	Entry: C:\Users\pablo\.p2\pool\plugins\com.google.guava_33.4.8.jre.jar
2026-03-20 15:16:59,186 [Worker-23: Launching mavenrun-9321b3a1-08dd-411a-95be-42cc6b648249] INFO  o.eclipse.m2e.core.internal.Bundles - getClasspathEntries(Bundle=slf4j.api_2.0.17 [522])
2026-03-20 15:16:59,187 [Worker-23: Launching mavenrun-9321b3a1-08dd-411a-95be-42cc6b648249] INFO  o.eclipse.m2e.core.internal.Bundles - 	Entry: C:\Users\pablo\.p2\pool\plugins\slf4j.api_2.0.17.jar
2026-03-20 15:16:59,187 [Worker-23: Launching mavenrun-9321b3a1-08dd-411a-95be-42cc6b648249] INFO  o.eclipse.m2e.core.internal.Bundles - getClasspathEntries(Bundle=jakarta.inject.jakarta.inject-api_1.0.5 [24])
2026-03-20 15:16:59,187 [Worker-23: Launching mavenrun-9321b3a1-08dd-411a-95be-42cc6b648249] INFO  o.eclipse.m2e.core.internal.Bundles - 	Entry: C:\Users\pablo\.p2\pool\plugins\jakarta.inject.jakarta.inject-api_1.0.5.jar
2026-03-20 15:16:59,187 [Worker-23: Launching mavenrun-9321b3a1-08dd-411a-95be-42cc6b648249] INFO  o.eclipse.m2e.core.internal.Bundles - getClasspathEntries(Bundle=javax.annotation_1.3.5.v20200909-1856 [27])
2026-03-20 15:16:59,187 [Worker-23: Launching mavenrun-9321b3a1-08dd-411a-95be-42cc6b648249] INFO  o.eclipse.m2e.core.internal.Bundles - 	Entry: C:\Users\pablo\.p2\pool\plugins\javax.annotation_1.3.5.v20200909-1856.jar
2026-03-20 15:16:59,187 [Worker-23: Launching mavenrun-9321b3a1-08dd-411a-95be-42cc6b648249] INFO  o.eclipse.m2e.core.internal.Bundles - getClasspathEntries(Bundle=org.apache.commons.cli_1.9.0 [49])
2026-03-20 15:16:59,187 [Worker-23: Launching mavenrun-9321b3a1-08dd-411a-95be-42cc6b648249] INFO  o.eclipse.m2e.core.internal.Bundles - 	Entry: C:\Users\pablo\.p2\pool\plugins\org.apache.commons.cli_1.9.0.jar
2026-03-20 15:16:59,187 [Worker-23: Launching mavenrun-9321b3a1-08dd-411a-95be-42cc6b648249] INFO  o.eclipse.m2e.core.internal.Bundles - getClasspathEntries(Bundle=org.apache.commons.commons-codec_1.16.0 [50])
2026-03-20 15:16:59,187 [Worker-23: Launching mavenrun-9321b3a1-08dd-411a-95be-42cc6b648249] INFO  o.eclipse.m2e.core.internal.Bundles - 	Entry: C:\Users\pablo\.p2\pool\plugins\org.apache.commons.commons-codec_1.16.0.jar
2026-03-20 15:16:59,188 [Worker-23: Launching mavenrun-9321b3a1-08dd-411a-95be-42cc6b648249] INFO  o.eclipse.m2e.core.internal.Bundles - getClasspathEntries(Bundle=com.google.guava.failureaccess_1.0.3 [14])
2026-03-20 15:16:59,188 [Worker-23: Launching mavenrun-9321b3a1-08dd-411a-95be-42cc6b648249] INFO  o.eclipse.m2e.core.internal.Bundles - 	Entry: C:\Users\pablo\.p2\pool\plugins\com.google.guava.failureaccess_1.0.3.jar
2026-03-20 15:16:59,189 [Worker-23: Launching mavenrun-9321b3a1-08dd-411a-95be-42cc6b648249] INFO  o.e.m.i.launch.MavenLaunchDelegate - Run build in "C:\Users\pablo\AppData\Local\Temp\m2e-archetypeGenerator14192774687587341854":
2026-03-20 15:16:59,190 [Worker-23: Launching mavenrun-9321b3a1-08dd-411a-95be-42cc6b648249] INFO  o.e.m.i.launch.MavenLaunchDelegate -  mvn  -DarchetypeGroupId=io.github.unlp-oo -DarchetypeArtifactId=archetype -DarchetypeVersion=1.0.0 -DgroupId=ar.edu.unlp.info.oo2 -DartifactId=ejercicio02 -Dversion=0.0.1-SNAPSHOT -Dpackage=ar.edu.unlp.info.oo2.ejercicio02 -DoutputDirectory=C:\repositorios\orientacion-objetos-2 -B -Dstyle.color=always -U archetype:generate
2026-03-20 15:17:06,414 [Worker-10: Creating archetype] INFO  o.e.m.c.i.p.ProjectConfigurationManager - Collecting project info '/pom.xml' C:\repositorios\orientacion-objetos-2\ejercicio02\pom.xml
2026-03-20 15:17:06,452 [Worker-10: Creating archetype] INFO  o.e.m.c.i.l.LifecycleMappingFactory - Using org.eclipse.m2e.jdt.JarLifecycleMapping lifecycle mapping for MavenProject: ar.edu.unlp.info.oo2:ejercicio02:0.0.1-SNAPSHOT @ C:\repositorios\orientacion-objetos-2\ejercicio02\pom.xml.
2026-03-20 15:17:06,699 [Worker-10: Creating archetype] INFO  o.e.m.j.i.AbstractJavaProjectConfigurator - Adding source folder /ejercicio02/src/main/java
2026-03-20 15:17:06,699 [Worker-10: Creating archetype] INFO  o.e.m.j.i.AbstractJavaProjectConfigurator - Adding resource folder /ejercicio02/src/main/resources
2026-03-20 15:17:06,700 [Worker-10: Creating archetype] INFO  o.e.m.j.i.AbstractJavaProjectConfigurator - Adding source folder /ejercicio02/src/test/java
2026-03-20 15:17:06,700 [Worker-10: Creating archetype] INFO  o.e.m.j.i.AbstractJavaProjectConfigurator - Adding resource folder /ejercicio02/src/test/resources
2026-03-20 15:17:06,718 [Worker-10: Creating archetype] INFO  o.e.m.c.i.p.ProjectConfigurationManager - Imported and configured 1 project(s) in 0 sec
2026-03-20 15:17:06,898 [Worker-10: Building] INFO  o.a.m.s.f.DefaultMavenResourcesFiltering - skip non existing resourceDirectory C:\repositorios\orientacion-objetos-2\ejercicio02\src\main\resources
2026-03-20 15:17:06,900 [Worker-10: Building] INFO  o.a.m.s.f.DefaultMavenResourcesFiltering - skip non existing resourceDirectory C:\repositorios\orientacion-objetos-2\ejercicio02\src\test\resources
2026-03-20 15:17:07,940 [Worker-23: Building] INFO  o.a.m.s.f.DefaultMavenResourcesFiltering - skip non existing resourceDirectory C:\repositorios\orientacion-objetos-2\ejercicio02\src\main\resources
2026-03-20 15:17:07,941 [Worker-23: Building] INFO  o.a.m.s.f.DefaultMavenResourcesFiltering - skip non existing resourceDirectory C:\repositorios\orientacion-objetos-2\ejercicio02\src\test\resources
